<?xml version="1.0" encoding="UTF-8"?>
<testng-results skipped="0" failed="0" ignored="0" total="1" passed="1">
  <reporter-output>
  </reporter-output>
  <suite name="Default suite" duration-ms="857" started-at="2022-01-08T15:03:20 IST" finished-at="2022-01-08T15:03:21 IST">
    <groups>
    </groups>
    <test name="Default test" duration-ms="857" started-at="2022-01-08T15:03:20 IST" finished-at="2022-01-08T15:03:21 IST">
      <class name="com.qa.tests.GetAPITest">
        <test-method status="PASS" signature="setUp()[pri:0, instance:com.qa.tests.GetAPITest@76707e36]" name="setUp" is-config="true" duration-ms="4" started-at="2022-01-08T15:03:20 IST" finished-at="2022-01-08T15:03:20 IST">
          <reporter-output>
          </reporter-output>
        </test-method> <!-- setUp -->
        <test-method status="PASS" signature="getAPITest()[pri:0, instance:com.qa.tests.GetAPITest@76707e36]" name="getAPITest" duration-ms="826" started-at="2022-01-08T15:03:20 IST" finished-at="2022-01-08T15:03:21 IST">
          <reporter-output>
          </reporter-output>
        </test-method> <!-- getAPITest -->
      </class> <!-- com.qa.tests.GetAPITest -->
    </test> <!-- Default test -->
  </suite> <!-- Default suite -->
</testng-results>
